::ffff:127.0.0.1 - - [09/Dec/2025 14:51:14] "GET / HTTP/1.1" 200 -
::1 - - [09/Dec/2025 14:51:18] "GET /sw.js HTTP/1.1" 304 -
::1 - - [09/Dec/2025 14:51:56] "GET /sw.js HTTP/1.1" 304 -
::1 - - [09/Dec/2025 14:52:18] "GET /sw.js HTTP/1.1" 304 -
::1 - - [09/Dec/2025 14:52:56] "GET /sw.js HTTP/1.1" 304 -
::1 - - [09/Dec/2025 14:53:56] "GET /sw.js HTTP/1.1" 304 -
::1 - - [09/Dec/2025 14:54:56] "GET /sw.js HTTP/1.1" 304 -
::1 - - [09/Dec/2025 14:55:56] "GET /sw.js HTTP/1.1" 304 -
::1 - - [09/Dec/2025 14:56:56] "GET /sw.js HTTP/1.1" 304 -
::1 - - [09/Dec/2025 14:57:56] "GET /sw.js HTTP/1.1" 304 -
::1 - - [09/Dec/2025 14:58:56] "GET /sw.js HTTP/1.1" 304 -
::1 - - [09/Dec/2025 14:59:56] "GET /sw.js HTTP/1.1" 304 -
::1 - - [09/Dec/2025 15:00:56] "GET /sw.js HTTP/1.1" 304 -
::1 - - [09/Dec/2025 15:01:45] code 404, message File not found
::1 - - [09/Dec/2025 15:01:45] "GET /favicon.ico HTTP/1.1" 404 -
::1 - - [09/Dec/2025 15:01:47] "GET /sw.js HTTP/1.1" 304 -
::1 - - [09/Dec/2025 15:01:56] "GET /sw.js HTTP/1.1" 304 -
::1 - - [09/Dec/2025 15:02:44] "GET /sw.js HTTP/1.1" 304 -
::1 - - [09/Dec/2025 15:02:56] "GET /sw.js HTTP/1.1" 200 -
::1 - - [09/Dec/2025 15:02:56] "GET / HTTP/1.1" 200 -
::1 - - [09/Dec/2025 15:02:56] "GET /index.html HTTP/1.1" 200 -
::1 - - [09/Dec/2025 15:02:56] "GET /manifest.json HTTP/1.1" 200 -
::1 - - [09/Dec/2025 15:02:56] "GET /css/variables.css HTTP/1.1" 304 -
::1 - - [09/Dec/2025 15:02:56] "GET /css/main.css HTTP/1.1" 304 -
::1 - - [09/Dec/2025 15:02:56] "GET /css/layout.css HTTP/1.1" 200 -
::1 - - [09/Dec/2025 15:02:56] "GET /css/components.css HTTP/1.1" 200 -
::1 - - [09/Dec/2025 15:02:56] "GET /css/health.css HTTP/1.1" 304 -
::1 - - [09/Dec/2025 15:02:56] "GET /icons/icon-192.png HTTP/1.1" 304 -
::1 - - [09/Dec/2025 15:02:56] "GET /icons/icon-512.png HTTP/1.1" 304 -
::1 - - [09/Dec/2025 15:03:16] "GET /js/sync.js HTTP/1.1" 304 -
::1 - - [09/Dec/2025 15:03:16] "GET /js/app.js HTTP/1.1" 200 -
::1 - - [09/Dec/2025 15:03:16] "GET /js/toilets.js HTTP/1.1" 200 -
::1 - - [09/Dec/2025 15:03:16] "GET /js/food.js HTTP/1.1" 200 -
::1 - - [09/Dec/2025 15:03:16] "GET /js/health.js HTTP/1.1" 200 -
::1 - - [09/Dec/2025 15:03:18] "GET /sw.js HTTP/1.1" 304 -
::1 - - [09/Dec/2025 15:03:56] "GET /sw.js HTTP/1.1" 304 -
::1 - - [09/Dec/2025 15:04:16] "GET /sw.js HTTP/1.1" 304 -
::1 - - [09/Dec/2025 15:04:56] "GET /sw.js HTTP/1.1" 304 -
::1 - - [09/Dec/2025 15:05:16] "GET /sw.js HTTP/1.1" 304 -
::1 - - [09/Dec/2025 15:05:56] "GET /sw.js HTTP/1.1" 304 -
::1 - - [09/Dec/2025 15:06:16] "GET /sw.js HTTP/1.1" 304 -
::1 - - [09/Dec/2025 15:06:56] "GET /sw.js HTTP/1.1" 304 -
::1 - - [09/Dec/2025 15:07:16] "GET /sw.js HTTP/1.1" 304 -
::1 - - [09/Dec/2025 15:07:56] "GET /sw.js HTTP/1.1" 304 -
::1 - - [09/Dec/2025 15:08:16] "GET /sw.js HTTP/1.1" 304 -
::1 - - [09/Dec/2025 15:08:56] "GET /sw.js HTTP/1.1" 304 -
::1 - - [09/Dec/2025 15:09:16] "GET /sw.js HTTP/1.1" 304 -
::1 - - [09/Dec/2025 15:09:56] "GET /sw.js HTTP/1.1" 304 -
::1 - - [09/Dec/2025 15:10:16] "GET /sw.js HTTP/1.1" 304 -
::1 - - [09/Dec/2025 15:10:56] "GET /sw.js HTTP/1.1" 304 -
::1 - - [09/Dec/2025 15:11:16] "GET /sw.js HTTP/1.1" 304 -
